{
  "Cucumber Features": {
    "coverage": {
      "D:/Coding Projects/School/SDS Github Classroom/1d-final-project-summer-2024-sds-2024-team-07/Frontend/app/controllers/pages_controller.rb": {
        "lines": [
          1,
          1,
          1,
          41,
          null,
          3,
          null,
          19,
          null,
          9,
          null,
          10,
          null,
          0,
          null,
          0,
          null,
          null,
          null,
          null,
          null,
          null,
          null,
          null,
          1,
          null,
          null,
          1,
          null,
          null,
          1,
          9,
          null,
          null
        ]
      },
      "D:/Coding Projects/School/SDS Github Classroom/1d-final-project-summer-2024-sds-2024-team-07/Frontend/app/controllers/application_controller.rb": {
        "lines": [
          1,
          null
        ]
      },
      "D:/Coding Projects/School/SDS Github Classroom/1d-final-project-summer-2024-sds-2024-team-07/Frontend/app/helpers/application_helper.rb": {
        "lines": [
          1,
          1,
          112,
          null,
          28,
          null,
          28,
          null,
          28,
          null,
          28,
          null,
          null,
          null,
          1,
          280,
          null,
          null,
          null
        ]
      },
      "D:/Coding Projects/School/SDS Github Classroom/1d-final-project-summer-2024-sds-2024-team-07/Frontend/app/helpers/home_helper.rb": {
        "lines": [
          1,
          null
        ]
      },
      "D:/Coding Projects/School/SDS Github Classroom/1d-final-project-summer-2024-sds-2024-team-07/Frontend/app/helpers/pages_helper.rb": {
        "lines": [
          1,
          null
        ]
      },
      "D:/Coding Projects/School/SDS Github Classroom/1d-final-project-summer-2024-sds-2024-team-07/Frontend/app/helpers/test_helper.rb": {
        "lines": [
          1,
          null
        ]
      },
      "D:/Coding Projects/School/SDS Github Classroom/1d-final-project-summer-2024-sds-2024-team-07/Frontend/app/helpers/uploads_helper.rb": {
        "lines": [
          1,
          null
        ]
      },
      "D:/Coding Projects/School/SDS Github Classroom/1d-final-project-summer-2024-sds-2024-team-07/Frontend/app/helpers/users_helper.rb": {
        "lines": [
          1,
          null
        ]
      },
      "D:/Coding Projects/School/SDS Github Classroom/1d-final-project-summer-2024-sds-2024-team-07/Frontend/app/models/user.rb": {
        "lines": [
          1,
          1,
          null
        ]
      },
      "D:/Coding Projects/School/SDS Github Classroom/1d-final-project-summer-2024-sds-2024-team-07/Frontend/app/models/application_record.rb": {
        "lines": [
          null,
          1,
          1,
          null
        ]
      },
      "D:/Coding Projects/School/SDS Github Classroom/1d-final-project-summer-2024-sds-2024-team-07/Frontend/app/controllers/users_controller.rb": {
        "lines": [
          1,
          1,
          null,
          1,
          1,
          1,
          1,
          null,
          null,
          null,
          1,
          0,
          null,
          null,
          null,
          1,
          null,
          null,
          null,
          1,
          0,
          null,
          null,
          null,
          1,
          null,
          null,
          null,
          1,
          0,
          null,
          0,
          0,
          0,
          0,
          null,
          0,
          0,
          null,
          null,
          null,
          null,
          null,
          1,
          0,
          0,
          0,
          0,
          null,
          0,
          0,
          null,
          null,
          null,
          null,
          null,
          1,
          0,
          null,
          0,
          0,
          0,
          null,
          null,
          null,
          1,
          null,
          1,
          0,
          null,
          null,
          null,
          1,
          0,
          null,
          null
        ]
      },
      "D:/Coding Projects/School/SDS Github Classroom/1d-final-project-summer-2024-sds-2024-team-07/Frontend/app/controllers/uploads_controller.rb": {
        "lines": [
          1,
          1,
          null,
          1,
          2,
          2,
          null,
          2,
          0,
          0,
          null,
          null,
          2,
          null,
          null,
          null,
          2,
          2,
          null,
          null,
          null,
          2,
          null,
          2,
          1,
          1,
          0,
          0,
          0,
          0,
          null,
          null,
          0,
          0,
          null,
          null,
          null,
          null,
          null,
          null,
          null,
          null,
          null,
          1,
          1,
          null,
          1,
          1,
          null,
          null,
          0,
          0,
          null,
          null,
          null,
          null,
          null,
          1,
          0,
          0,
          null,
          0,
          0,
          0,
          0,
          0,
          null,
          0,
          null,
          null,
          0,
          null,
          null,
          null,
          1,
          null,
          1,
          null,
          2,
          null,
          null,
          null,
          null,
          null,
          null,
          2,
          2,
          null,
          2,
          2,
          2,
          null,
          2,
          2,
          null,
          null,
          2,
          null,
          0,
          null,
          null,
          null,
          null,
          1,
          null,
          0,
          0,
          0,
          null,
          0,
          0,
          0,
          null,
          0,
          0,
          null,
          null,
          null,
          null,
          null,
          null
        ]
      },
      "D:/Coding Projects/School/SDS Github Classroom/1d-final-project-summer-2024-sds-2024-team-07/Frontend/app/services/google_cloud_storage_service.rb": {
        "lines": [
          0,
          0,
          null,
          0,
          0,
          0,
          0,
          null,
          0,
          0,
          null,
          0,
          0,
          0,
          0
        ],
        "branches": {
        }
      }
    },
    "timestamp": 1723048968
  },
  "RSpec": {
    "coverage": {
      "D:/Coding Projects/School/SDS Github Classroom/1d-final-project-summer-2024-sds-2024-team-07/Frontend/app/helpers/test_helper.rb": {
        "lines": [
          1,
          null
        ]
      },
      "D:/Coding Projects/School/SDS Github Classroom/1d-final-project-summer-2024-sds-2024-team-07/Frontend/app/helpers/application_helper.rb": {
        "lines": [
          1,
          1,
          36,
          null,
          9,
          null,
          9,
          null,
          9,
          null,
          9,
          null,
          null,
          null,
          1,
          90,
          null,
          null,
          null
        ]
      },
      "D:/Coding Projects/School/SDS Github Classroom/1d-final-project-summer-2024-sds-2024-team-07/Frontend/app/helpers/home_helper.rb": {
        "lines": [
          1,
          null
        ]
      },
      "D:/Coding Projects/School/SDS Github Classroom/1d-final-project-summer-2024-sds-2024-team-07/Frontend/app/helpers/pages_helper.rb": {
        "lines": [
          1,
          null
        ]
      },
      "D:/Coding Projects/School/SDS Github Classroom/1d-final-project-summer-2024-sds-2024-team-07/Frontend/app/helpers/uploads_helper.rb": {
        "lines": [
          1,
          null
        ]
      },
      "D:/Coding Projects/School/SDS Github Classroom/1d-final-project-summer-2024-sds-2024-team-07/Frontend/app/helpers/users_helper.rb": {
        "lines": [
          1,
          null
        ]
      },
      "D:/Coding Projects/School/SDS Github Classroom/1d-final-project-summer-2024-sds-2024-team-07/Frontend/app/controllers/pages_controller.rb": {
        "lines": [
          1,
          1,
          1,
          28,
          null,
          6,
          null,
          8,
          null,
          5,
          null,
          7,
          null,
          1,
          null,
          1,
          null,
          null,
          null,
          null,
          null,
          null,
          null,
          null,
          1,
          null,
          null,
          1,
          null,
          null,
          1,
          5,
          null,
          null
        ]
      },
      "D:/Coding Projects/School/SDS Github Classroom/1d-final-project-summer-2024-sds-2024-team-07/Frontend/app/controllers/application_controller.rb": {
        "lines": [
          1,
          null
        ]
      },
      "D:/Coding Projects/School/SDS Github Classroom/1d-final-project-summer-2024-sds-2024-team-07/Frontend/app/controllers/uploads_controller.rb": {
        "lines": [
          1,
          1,
          null,
          1,
          10,
          10,
          null,
          10,
          1,
          1,
          null,
          null,
          9,
          null,
          null,
          null,
          9,
          9,
          null,
          null,
          null,
          9,
          null,
          8,
          5,
          5,
          3,
          3,
          3,
          3,
          null,
          null,
          3,
          3,
          null,
          null,
          null,
          null,
          null,
          null,
          null,
          null,
          null,
          5,
          5,
          null,
          3,
          3,
          null,
          null,
          1,
          1,
          null,
          null,
          null,
          null,
          null,
          1,
          3,
          3,
          null,
          3,
          2,
          2,
          1,
          1,
          null,
          1,
          null,
          null,
          1,
          null,
          null,
          null,
          1,
          null,
          1,
          null,
          5,
          null,
          null,
          null,
          null,
          null,
          null,
          5,
          5,
          null,
          5,
          5,
          5,
          null,
          5,
          5,
          null,
          null,
          5,
          null,
          1,
          null,
          null,
          null,
          null,
          1,
          null,
          3,
          3,
          3,
          null,
          3,
          3,
          3,
          null,
          3,
          3,
          null,
          null,
          null,
          null,
          null,
          null
        ]
      },
      "D:/Coding Projects/School/SDS Github Classroom/1d-final-project-summer-2024-sds-2024-team-07/Frontend/app/controllers/users_controller.rb": {
        "lines": [
          1,
          1,
          null,
          1,
          4,
          4,
          4,
          null,
          null,
          null,
          1,
          2,
          null,
          null,
          null,
          1,
          null,
          null,
          null,
          1,
          1,
          null,
          null,
          null,
          1,
          null,
          null,
          null,
          1,
          4,
          null,
          4,
          4,
          6,
          3,
          null,
          2,
          1,
          null,
          null,
          null,
          null,
          null,
          1,
          4,
          4,
          6,
          3,
          null,
          2,
          1,
          null,
          null,
          null,
          null,
          null,
          1,
          3,
          null,
          3,
          6,
          3,
          null,
          null,
          null,
          1,
          null,
          1,
          10,
          null,
          null,
          null,
          1,
          8,
          null,
          null
        ]
      },
      "D:/Coding Projects/School/SDS Github Classroom/1d-final-project-summer-2024-sds-2024-team-07/Frontend/app/services/google_cloud_storage_service.rb": {
        "lines": [
          1,
          1,
          null,
          4,
          4,
          4,
          null,
          null,
          1,
          1,
          null,
          1,
          1,
          null,
          null
        ]
      },
      "D:/Coding Projects/School/SDS Github Classroom/1d-final-project-summer-2024-sds-2024-team-07/Frontend/app/models/user.rb": {
        "lines": [
          1,
          1,
          null
        ]
      },
      "D:/Coding Projects/School/SDS Github Classroom/1d-final-project-summer-2024-sds-2024-team-07/Frontend/app/models/application_record.rb": {
        "lines": [
          null,
          1,
          1,
          null
        ]
      }
    },
    "timestamp": 1723060265
  }
}
